\BOOKMARK [1][-]{section.1}{\376\377\000M\000o\000t\000i\000v\000a\000t\000i\000o\000n\000\040\000f\000o\000r\000\040\000a\000\040\000N\000e\000w\000\040\000G\000r\000a\000m\000m\000a\000r\000\040\000S\000p\000e\000c\000i\000f\000i\000c\000a\000t\000i\000o\000n}{}% 1
\BOOKMARK [2][-]{subsection.1.1}{\376\377\000G\000o\000a\000l\000s}{section.1}% 2
\BOOKMARK [2][-]{subsection.1.2}{\376\377\000N\000o\000\040\000P\000a\000r\000s\000i\000n\000g\000\040\000A\000l\000l\000o\000w\000e\000d}{section.1}% 3
\BOOKMARK [2][-]{subsection.1.3}{\376\377\000N\000o\000t\000a\000t\000i\000o\000n}{section.1}% 4
\BOOKMARK [1][-]{section.2}{\376\377\000D\000e\000f\000i\000n\000i\000t\000i\000o\000n}{}% 5
\BOOKMARK [2][-]{subsection.2.1}{\376\377\000S\000.\000P\000.\000\040\000G\000r\000a\000m\000m\000a\000r\000-\000G\000r\000a\000m\000m\000a\000r}{section.2}% 6
\BOOKMARK [1][-]{section.3}{\376\377\000P\000o\000P\000:\000\040\000P\000r\000o\000o\000f\000\040\000o\000f\000\040\000P\000a\000r\000s\000i\000n\000g}{}% 7
\BOOKMARK [2][-]{subsection.3.1}{\376\377\000G\000r\000a\000m\000m\000a\000r\000\040\000S\000p\000e\000c\000i\000a\000l\000i\000z\000a\000t\000i\000o\000n}{section.3}% 8
\BOOKMARK [2][-]{subsection.3.2}{\376\377\000I\000n\000p\000u\000t\000\040\000S\000p\000e\000c\000i\000f\000i\000c\000a\000t\000i\000o\000n}{section.3}% 9
\BOOKMARK [2][-]{subsection.3.3}{\376\377\000M\000a\000t\000c\000h\000i\000n\000g\000\040\000a\000\040\000S\000t\000r\000i\000n\000g}{section.3}% 10
\BOOKMARK [3][-]{subsubsection.3.3.1}{\376\377\000M\000a\000t\000c\000h\000i\000n\000g\000\040\000a\000\040\000P\000r\000o\000d\000u\000c\000t\000i\000o\000n\000\040\000p\000\040\000P}{subsection.3.3}% 11
\BOOKMARK [3][-]{subsubsection.3.3.2}{\376\377\000M\000a\000t\000c\000h\000i\000n\000g\000\040\000a\000\040\000C\000a\000s\000e\000\040\000c\000p\000\040\000C\000p}{subsection.3.3}% 12
\BOOKMARK [3][-]{subsubsection.3.3.3}{\376\377\000M\000a\000t\000c\000h\000i\000n\000g\000\040\000a\000\040\000C\000a\000s\000e\000\040\000E\000l\000e\000m\000e\000n\000t\000\040\000e\000j\000\040\000c\000p}{subsection.3.3}% 13
\BOOKMARK [2][-]{subsection.3.4}{\376\377\000S\000u\000m\000m\000a\000r\000y\000\040\000o\000f\000\040\000A\000d\000j\000a\000c\000e\000n\000c\000y}{section.3}% 14
\BOOKMARK [1][-]{section.4}{\376\377\000P\000r\000o\000o\000f\000\040\000o\000f\000\040\000T\000u\000r\000i\000n\000g\000-\000E\000q\000u\000i\000v\000a\000l\000e\000n\000c\000e}{}% 15
\BOOKMARK [1][-]{section.5}{\376\377\000C\000h\000o\000m\000s\000k\000y\000\040\000E\000q\000u\000i\000v\000a\000l\000e\000n\000c\000e}{}% 16
\BOOKMARK [2][-]{subsection.5.1}{\376\377\000C\000h\000o\000m\000s\000k\000y\000\040\000C\000o\000n\000s\000t\000r\000u\000c\000t}{section.5}% 17
\BOOKMARK [3][-]{subsubsection.5.1.1}{\376\377\000F\000o\000r\000m\000a\000l\000\040\000G\000r\000a\000m\000m\000a\000r\000\040\000D\000e\000f\000i\000n\000i\000t\000i\000o\000n}{subsection.5.1}% 18
\BOOKMARK [3][-]{subsubsection.5.1.2}{\376\377\000P\000a\000r\000s\000i\000n\000g\000\040\000a\000\040\000F\000o\000r\000m\000a\000l\000\040\000G\000r\000a\000m\000m\000a\000r}{subsection.5.1}% 19
\BOOKMARK [2][-]{subsection.5.2}{\376\377\000E\000q\000u\000i\000v\000a\000l\000e\000n\000c\000e\000\040\000P\000r\000o\000o\000f}{section.5}% 20
\BOOKMARK [3][-]{subsubsection.5.2.1}{\376\377\000C\000o\000n\000s\000t\000r\000u\000c\000t\000i\000o\000n\000\040\000o\000f\000\040\000S\000P\000*}{subsection.5.2}% 21
\BOOKMARK [3][-]{subsubsection.5.2.2}{\376\377\000C\000o\000n\000s\000t\000r\000u\000c\000t\000i\000o\000n\000\040\000o\000f\000\040\000P}{subsection.5.2}% 22
\BOOKMARK [1][-]{section.6}{\376\377\000R\000e\000l\000e\000v\000a\000n\000t\000\040\000P\000r\000i\000o\000r\000\040\000A\000r\000t\000\040\000/\000\040\000N\000o\000t\000e\000s}{}% 23
\BOOKMARK [2][-]{subsection.6.1}{\376\377\000O\000v\000e\000r\000v\000i\000e\000w}{section.6}% 24
