\BOOKMARK [1][-]{section.1}{Relevant Prior Art / Notes}{}% 1
\BOOKMARK [2][-]{subsection.1.1}{Overview}{section.1}% 2
\BOOKMARK [3][-]{subsubsection.1.1.1}{For Completing the Proof}{subsection.1.1}% 3
\BOOKMARK [3][-]{subsubsection.1.1.2}{For Making it Familiar}{subsection.1.1}% 4
\BOOKMARK [2][-]{subsection.1.2}{Papers}{section.1}% 5
\BOOKMARK [2][-]{subsection.1.3}{Wikipedia}{section.1}% 6
\BOOKMARK [1][-]{section.2}{Background}{}% 7
\BOOKMARK [1][-]{section.3}{Concepts}{}% 8
\BOOKMARK [2][-]{subsection.3.1}{The S.P. Grammar-Grammar}{section.3}% 9
\BOOKMARK [2][-]{subsection.3.2}{Streamability and Cacheability}{section.3}% 10
\BOOKMARK [2][-]{subsection.3.3}{k-context-sensitivity}{section.3}% 11
\BOOKMARK [1][-]{section.4}{The S.P. Parsing Algorithm}{}% 12
\BOOKMARK [2][-]{subsection.4.1}{Architecture Overview}{section.4}% 13
\BOOKMARK [2][-]{subsection.4.2}{Data Structures and Techniques}{section.4}% 14
\BOOKMARK [2][-]{subsection.4.3}{Phases}{section.4}% 15
\BOOKMARK [3][-]{subsubsection.4.3.1}{Preprocessing the S.P. Grammar}{subsection.4.3}% 16
\BOOKMARK [3][-]{subsubsection.4.3.2}{Setting up a Parse}{subsection.4.3}% 17
\BOOKMARK [3][-]{subsubsection.4.3.3}{Parsing}{subsection.4.3}% 18
\BOOKMARK [3][-]{subsubsection.4.3.4}{Resolving the Matched Input}{subsection.4.3}% 19
\BOOKMARK [1][-]{section.5}{Correctness}{}% 20
\BOOKMARK [2][-]{subsection.5.1}{Proof of Streamability and Cacheability}{section.5}% 21
\BOOKMARK [2][-]{subsection.5.2}{Equivalence of S.P and T.M.}{section.5}% 22
\BOOKMARK [2][-]{subsection.5.3}{Equivalence of Stack Cycles and k-context-sensitivity}{section.5}% 23
\BOOKMARK [1][-]{section.6}{Performance}{}% 24
\BOOKMARK [2][-]{subsection.6.1}{Parsing a Context-Free Language}{section.6}% 25
\BOOKMARK [2][-]{subsection.6.2}{Parsing a k-Context-Sensitive Language}{section.6}% 26
\BOOKMARK [2][-]{subsection.6.3}{Parsing a Recursively Enumerable Language}{section.6}% 27
\BOOKMARK [2][-]{subsection.6.4}{Parallelism}{section.6}% 28
\BOOKMARK [1][-]{section.7}{Effect on the Halting Problem}{}% 29
\BOOKMARK [1][-]{section.8}{Conclusions and Future Work}{}% 30
